svn2rss | 1.0 | Sun, 10 Jan 2010 11:26:13 GMT | 1263119173
<?xml version="1.0"?>
<log>
<logentry
   revision="3084">
<author>sidler</author>
<date>2010-01-07T19:04:46.802337Z</date>
<paths>
<path
   kind=""
   action="M">/kajona/module_head/trunk/modul_rating/system/class_modul_rating_sort_absolute.php</path>
</paths>
<msg>BUG: absolute sorting algo handled float-values the wrong way. now casted to strings, ranking now as expected</msg>
</logentry>
<logentry
   revision="3083">
<author>sidler</author>
<date>2010-01-03T11:08:32.184803Z</date>
<paths>
<path
   kind=""
   action="M">/kajona/module_head/trunk/modul_system/image.php</path>
</paths>
<msg>NEW: captcha image generates grid (horizontal and vertical lines) with 5px space to outer borders. the floating lines remain, so may start / end at the outer bounds.
kajona trace id 500</msg>
</logentry>
<logentry
   revision="3082">
<author>sidler</author>
<date>2010-01-03T10:27:31.985902Z</date>
<paths>
<path
   kind=""
   action="M">/kajona/module_head/trunk/copy2project.php</path>
</paths>
<msg>reverted erroneous change</msg>
</logentry>
<logentry
   revision="3081">
<author>sidler</author>
<date>2010-01-03T10:14:41.693963Z</date>
<paths>
<path
   kind=""
   action="M">/kajona/module_head/trunk/modul_downloads/system/class_modul_downloads_archive.php</path>
<path
   kind=""
   action="M">/kajona/module_head/trunk/element_imagelightbox/lang/admin/modul_elemente/lang_imagelightbox_bg.php</path>
<path
   kind=""
   action="M">/kajona/module_head/trunk/modul_postacomment/portal/scripts/postacomment.js</path>
<path
   kind=""
   action="M">/kajona/module_head/trunk/modul_downloads/download.php</path>
<path
   kind=""
   action="M">/kajona/module_head/trunk/element_tagto/portal/elemente/class_element_tagto.php</path>
<path
   kind=""
   action="M">/kajona/module_head/trunk/modul_pages/admin/class_modul_pages_admin_xml.php</path>
<path
   kind=""
   action="M">/kajona/module_head/trunk/modul_system/admin/systemtasks/interface_admin_systemtask.php</path>
<path
   kind=""
   action="M">/kajona/module_head/trunk/modul_news/lang/admin/modul_elemente/lang_news_ru.php</path>
<path
   kind=""
   action="M">/kajona/module_head/trunk/modul_navigation/lang/admin/modul_elemente/lang_navigation_bg.php</path>
<path
   kind=""
   action="M">/kajona/module_head/trunk/element_portalregistration/lang/admin/modul_elemente/lang_portalregistration_ru.php</path>
<path
   kind=""
   action="M">/kajona/module_head/trunk/modul_navigation/system/class_modul_navigation_point.php</path>
<path
   kind=""
   action="M">/kajona/module_head/playground/element_rendertext/lang/admin/modul_elemente/lang_rendertext_de.php</path>
<path
   kind=""
   action="M">/kajona/module_head/trunk/modul_gallery/admin/class_modul_gallery_admin.php</path>
<path
   kind=""
   action="M">/kajona/module_head/trunk/modul_downloads/lang/portal/modul_downloads/lang_downloads_en.php</path>
<path
   kind=""
   action="M">/kajona/module_head/trunk/modul_gallery/admin/elemente/class_element_galleryRandom.php</path>
<path
   kind=""
   action="M">/kajona/module_head/trunk/modul_system/system/class_installer_base.php</path>
<path
   kind=""
   action="M">/kajona/module_head/trunk/modul_gallery/lang/admin/modul_gallery/lang_gallery_en.php</path>
<path
   kind=""
   action="M">/kajona/module_head/playground/modul_pdf/system/tcpdf/unicode_data.php</path>
<path
   kind=""
   action="M">/kajona/module_head/trunk/modul_guestbook/system/class_modul_guestbook_guestbook.php</path>
<path
   kind=""
   action="M">/kajona/module_head/trunk/template_kajona30/portal/css/kajona_30.css</path>
<path
   kind=""
   action="M">/kajona/module_head/trunk/modul_search/lang/admin/modul_search/lang_search_bg.php</path>
<path
   kind=""
   action="M">/kajona/module_head/trunk/element_rssfeed/lang/portal/modul_elemente/lang_rssfeed_en.php</path>
<path
   kind=""
   action="M">/kajona/module_head/trunk/modul_system/admin/class_modul_filemanager_admin_xml.php</path>
<path
   kind=""
   action="M">/kajona/module_head/trunk/modul_system/portal/interface_portal.php</path>
<path
   kind=""
   action="M">/kajona/module_head/trunk/modul_stats/admin/statsreports/class_stats_report_topbrowser.php</path>
<path
   kind=""
   action="M">/kajona/module_head/trunk/modul_faqs/admin/elemente/class_element_faqs.php</path>
<path
   kind=""
   action="M">/kajona/module_head/trunk/element_portallogin/lang/admin/modul_elemente/lang_portallogin_de.php</path>
<path
   kind=""
   action="M">/kajona/module_head/trunk/modul_gallery/lang/admin/modul_elemente/lang_gallery_de.php</path>
<path
   kind=""
   action="M">/kajona/module_head/trunk/modul_system/system/class_lockmanager.php</path>
<path
   kind=""
   action="M">/kajona/module_head/trunk/modul_system/system/class_session.php</path>
<path
   kind=""
   action="M">/kajona/module_head/trunk/modul_system/system/class_root.php</path>
<path
   kind=""
   action="M">/kajona/module_head/trunk/modul_rating/system/class_modul_rating_algo_absolute.php</path>
<path
   kind=""
   action="M">/kajona/module_head/trunk/element_portallogin/admin/elemente/class_element_portallogin.php</path>
<path
   kind=""
   action="M">/kajona/module_head/trunk/modul_downloads/admin/widgets/class_adminwidget_downloads.php</path>
<path
   kind=""
   action="M">/kajona/module_head/trunk/modul_system/admin/interface_admin.php</path>
<path
   kind=""
   action="M">/kajona/module_head/playground/element_textticker/lang/admin/modul_elemente/lang_textticker_ru.php</path>
<path
   kind=""
   action="M">/kajona/module_head/trunk/_debugging/debug/autotest.php</path>
<path
   kind=""
   action="M">/kajona/module_head/playground/element_tagcloud/portal/elemente/class_element_tagcloud.php</path>
<path
   kind=""
   action="M">/kajona/module_head/trunk/widget_weather/lang/admin/modul_adminwidget/lang_adminwidgetweather_de.php</path>
<path
   kind=""
   action="M">/kajona/module_head/trunk/element_imagelightbox/lang/admin/modul_elemente/lang_imagelightbox_de.php</path>
<path
   kind=""
   action="M">/kajona/module_head/trunk/modul_guestbook/portal/elemente/class_element_guestbook.php</path>
<path
   kind=""
   action="M">/kajona/module_head/trunk/modul_pages/system/class_modul_pages_page.php</path>
<path
   kind=""
   action="M">/kajona/module_head/trunk/modul_system/templates/.htaccess</path>
<path
   kind=""
   action="M">/kajona/module_head/trunk/modul_downloads/system/class_modul_downloads_logbook.php</path>
<path
   kind=""
   action="M">/kajona/module_head/trunk/element_tellafriend/lang/admin/modul_elemente/lang_tellafriend_bg.php</path>
<path
   kind=""
   action="M">/kajona/module_head/trunk/modul_news/admin/elemente/class_element_news.php</path>
<path
   kind=""
   action="M">/kajona/module_head/trunk/modul_system/admin/elemente/class_element_languageswitch.php</path>
<path
   kind=""
   action="M">/kajona/module_head/trunk/modul_navigation/lang/admin/modul_elemente/lang_navigation_de.php</path>
<path
   kind=""
   action="M">/kajona/module_head/trunk/modul_system/system/interface_iterator.php</path>
<path
   kind=""
   action="M">/kajona/module_head/trunk/modul_stats/admin/class_modul_stats_admin.php</path>
<path
   kind=""
   action="M">/kajona/module_head/trunk/modul_news/lang/admin/modul_elemente/lang_news_en.php</path>
<path
   kind=""
   action="M">/kajona/module_head/trunk/modul_system/admin/scripts/kajona_portaleditor.js</path>
<path
   kind=""
   action="M">/kajona/module_head/trunk/modul_faqs/system/config/modul_faqs_id.php</path>
<path
   kind=""
   action="M">/kajona/module_head/trunk/modul_stats/admin/statsreports/class_stats_report_topsessions.php</path>
<path
   kind=""
   action="M">/kajona/module_head/trunk/element_portalregistration/lang/portal/modul_elemente/lang_portalregistration_bg.php</path>
<path
   kind=""
   action="M">/kajona/module_head/trunk/element_portalregistration/lang/admin/modul_elemente/lang_portalregistration_en.php</path>
<path
   kind=""
   action="M">/kajona/module_head/trunk/modul_downloads/portal/class_modul_downloads_portal.php</path>
<path
   kind=""
   action="M">/kajona/module_head/trunk/modul_search/lang/admin/modul_search/lang_search_de.php</path>
<path
   kind=""
   action="M">/kajona/module_head/trunk/modul_pages/portal/elemente/class_element_bild.php</path>
<path
   kind=""
   action="M">/kajona/module_head/trunk/modul_system/system/class_cookie.php</path>
<path
   kind=""
   action="M">/kajona/module_head/trunk/modul_system/system/class_array_section_iterator.php</path>
<path
   kind=""
   action="M">/kajona/module_head/trunk/element_formular/installer/installer_element_formular.php</path>
<path
   kind=""
   action="M">/kajona/module_head/trunk/element_formular/admin/elemente/class_element_formular.php</path>
<path
   kind=""
   action="M">/kajona/module_head/trunk/modul_system/lang/portal/modul_elemente/lang_languageswitch_pt.php</path>
<path
   kind=""
   action="M">/kajona/module_head/playground/modul_basehelper/lang/admin/modul_elemente/lang_baseregistration_ru.php</path>
<path
   kind=""
   action="M">/kajona/module_head/playground/element_tagcloud/lang/admin/modul_elemente/lang_tagcloud_de.php</path>
<path
   kind=""
   action="M">/kajona/module_head/trunk/modul_system/admin/scripts/dragdrophelper_li.js</path>
<path
   kind=""
   action="M">/kajona/module_head/trunk/modul_pages/lang/admin/modul_pages/lang_pages_bg.php</path>
<path
   kind=""
   action="M">/kajona/module_head/trunk/modul_downloads/portal/elemente/class_element_downloads.php</path>
<path
   kind=""
   action="M">/kajona/module_head/trunk/modul_pages/admin/widgets/class_adminwidget_lastmodifiedpages.php</path>
<path
   kind=""
   action="M">/kajona/module_head/trunk/modul_system/admin/systemtasks/class_systemtask_flushpiccache.php</path>
<path
   kind=""
   action="M">/kajona/module_head/trunk/modul_guestbook/lang/admin/modul_guestbook/lang_guestbook_ru.php</path>
<path
   kind=""
   action="M">/kajona/module_head/trunk/modul_pages/lang/admin/modul_elemente/lang_bild_ru.php</path>
<path
   kind=""
   action="M">/kajona/module_head/trunk/_debugging/debug/filetrimcheck.php</path>
<path
   kind=""
   action="M">/kajona/module_head/trunk/modul_stats/admin/interface_admin_statsreports.php</path>
<path
   kind=""
   action="M">/kajona/module_head/trunk/modul_downloads/portal/elemente/class_element_downloads_toplist.php</path>
<path
   kind=""
   action="M">/kajona/module_head/playground/element_textticker/lang/admin/modul_elemente/lang_textticker_en.php</path>
<path
   kind=""
   action="M">/kajona/module_head/trunk/modul_pages/lang/portal/modul_pages/lang_pages_en.php</path>
<path
   kind=""
   action="M">/kajona/module_head/trunk/modul_pages/lang/admin/modul_elemente/lang_absatz_bg.php</path>
<path
   kind=""
   action="M">/kajona/module_head/trunk/modul_gallery/admin/class_modul_gallery_admin_xml.php</path>
<path
   kind=""
   action="M">/kajona/module_head/trunk/modul_faqs/lang/portal/modul_faqs/lang_faqs_pt.php</path>
<path
   kind=""
   action="M">/kajona/module_head/trunk/modul_system/portal/downloads/.htaccess</path>
<path
   kind=""
   action="M">/kajona/module_head/trunk/modul_system/system/db/class_db_mysqli.php</path>
<path
   kind=""
   action="M">/kajona/module_head/trunk/modul_gallery/portal/class_modul_gallery_portal.php</path>
<path
   kind=""
   action="M">/kajona/module_head/playground/element_mediaplayer/admin/elemente/class_element_mediaplayer.php</path>
<path
   kind=""
   action="M">/kajona/module_head/trunk/modul_gallery/installer/installer_gallery.php</path>
<path
   kind=""
   action="M">/kajona/module_head/trunk/element_tellafriend/lang/admin/modul_elemente/lang_tellafriend_de.php</path>
<path
   kind=""
   action="M">/kajona/module_head/trunk/modul_system/system/class_logger.php</path>
<path
   kind=""
   action="M">/kajona/module_head/playground/modul_basehelper/lang/portal/modul_elemente/lang_mybase_en.php</path>
<path
   kind=""
   action="M">/kajona/module_head/trunk/element_portallogin/lang/portal/modul_elemente/lang_portallogin_pt.php</path>
<path
   kind=""
   action="M">/kajona/module_head/trunk/modul_guestbook/lang/admin/modul_elemente/lang_guestbook_bg.php</path>
<path
   kind=""
   action="M">/kajona/module_head/trunk/modul_system/admin/scripts/messagebox.js</path>
<path
   kind=""
   action="M">/kajona/module_head/trunk/modul_rating/portal/scripts/rating.js</path>
<path
   kind=""
   action="M">/kajona/module_head/trunk/modul_system/admin/class_modul_user_admin.php</path>
<path
   kind=""
   action="M">/kajona/module_head/trunk/element_tellafriend/portal/elemente/class_element_tellafriend.php</path>
<path
   kind=""
   action="M">/kajona/module_head/trunk/element_formular/lang/portal/modul_elemente/lang_formular_en.php</path>
<path
   kind=""
   action="M">/kajona/module_head/trunk/element_portalregistration/lang/portal/modul_elemente/lang_portalregistration_de.php</path>
<path
   kind=""
   action="M">/kajona/module_head/trunk/modul_system/lang/admin/modul_filemanager/lang_filemanager_bg.php</path>
<path
   kind=""
   action="M">/kajona/module_head/trunk/modul_system/index.php</path>
<path
   kind=""
   action="M">/kajona/module_head/trunk/modul_system/admin/systemtasks/.htaccess</path>
<path
   kind=""
   action="M">/kajona/module_head/trunk/modul_samplecontent/installer/installer_samplecontent.php</path>
<path
   kind=""
   action="M">/kajona/module_head/trunk/element_portalupload/lang/admin/modul_elemente/lang_portalupload_ru.php</path>
<path
   kind=""
   action="M">/kajona/module_head/trunk/modul_downloads/admin/elemente/class_element_downloads.php</path>
<path
   kind=""
   action="M">/kajona/module_head/trunk/modul_pages/lang/admin/modul_pages/lang_pages_de.php</path>
<path
   kind=""
   action="M">/kajona/module_head/trunk/modul_system/lang/admin/modul_languages/lang_languages_ru.php</path>
<path
   kind=""
   action="M">/kajona/module_head/trunk/_debugging/debug/phpinfo.php</path>
<path
   kind=""
   action="M">/kajona/module_head/trunk/modul_news/portal/elemente/class_element_news.php</path>
<path
   kind=""
   action="M">/kajona/module_head/trunk/modul_system/system/class_modul_user_group.php</path>
<path
   kind=""
   action="M">/kajona/module_head/trunk/modul_downloads/admin/statsreports/class_stats_report_downloads.php</path>
<path
   kind=""
   action="M">/kajona/module_head/playground/modul_basehelper/lang/admin/modul_elemente/lang_baseregistration_en.php</path>
<path
   kind=""
   action="M">/kajona/module_head/trunk/modul_system/admin/class_toolkit_admin.php</path>
<path
   kind=""
   action="M">/kajona/module_head/trunk/modul_downloads/lang/admin/modul_downloads/lang_downloads_ru.php</path>
<path
   kind=""
   action="M">/kajona/module_head/trunk/modul_stats/system/config/modul_stats_id.php</path>
<path
   kind=""
   action="M">/kajona/module_head/trunk/modul_guestbook/lang/admin/modul_guestbook/lang_guestbook_en.php</path>
<path
   kind=""
   action="M">/kajona/module_head/trunk/modul_system/system/class_config.php</path>
<path
   kind=""
   action="M">/kajona/module_head/playground/modul_basehelper/admin/elemente/class_element_baselatestlist.php</path>
<path
   kind=""
   action="M">/kajona/module_head/trunk/modul_pages/lang/admin/modul_elemente/lang_bild_en.php</path>
<path
   kind=""
   action="M">/kajona/module_head/trunk/modul_pages/lang/admin/modul_elemente/lang_absatz_de.php</path>
<path
   kind=""
   action="M">/kajona/module_head/trunk/modul_faqs/lang/admin/modul_elemente/lang_faqs_bg.php</path>
<path
   kind=""
   action="M">/kajona/module_head/trunk/modul_system/admin/widgets/.htaccess</path>
<path
   kind=""
   action="M">/kajona/module_head/trunk/modul_pages/installer/installer_pages.php</path>
<path
   kind=""
   action="M">/kajona/module_head/trunk/modul_downloads/admin/statsreports/class_stats_report_topdownloads.php</path>
<path
   kind=""
   action="M">/kajona/module_head/trunk/modul_system/system/class_modul_system_worker.php</path>
<path
   kind=""
   action="M">/kajona/module_head/trunk/modul_guestbook/lang/portal/modul_guestbook/lang_guestbook_en.php</path>
<path
   kind=""
   action="M">/kajona/module_head/trunk/element_tellafriend/lang/portal/modul_elemente/lang_tellafriend_pt.php</path>
<path
   kind=""
   action="M">/kajona/module_head/trunk/modul_system/system/functions.php</path>
<path
   kind=""
   action="M">/kajona/module_head/trunk/modul_navigation/admin/systemtasks/class_systemtask_flushnavigationcache.php</path>
<path
   kind=""
   action="M">/kajona/module_head/trunk/modul_system/xml.php</path>
<path
   kind=""
   action="M">/kajona/module_head/trunk/element_lastmodified/lang/portal/modul_elemente/lang_lastmodified_en.php</path>
<path
   kind=""
   action="M">/kajona/module_head/trunk/modul_guestbook/lang/admin/modul_elemente/lang_guestbook_de.php</path>
<path
   kind=""
   action="M">/kajona/module_head/trunk/modul_news/installer/installer_sc_news.php</path>
<path
   kind=""
   action="M">/kajona/module_head/trunk/element_portalupload/lang/portal/modul_elemente/lang_portalupload_en.php</path>
<path
   kind=""
   action="M">/kajona/module_head/trunk/modul_system/lang/admin/modul_filemanager/lang_filemanager_de.php</path>
<path
   kind=""
   action="M">/kajona/module_head/trunk/modul_stats/admin/statsreports/class_stats_report_topqueries.php</path>
<path
   kind=""
   action="M">/kajona/module_head/trunk/modul_system/system/config/.htaccess</path>
<path
   kind=""
   action="M">/kajona/module_head/trunk/modul_pages/lang/admin/modul_adminwidget/lang_adminwidgetpages_en.php</path>
<path
   kind=""
   action="M">/kajona/module_head/trunk/modul_pages/portal/elemente/class_element_zeile.php</path>
<path
   kind=""
   action="M">/kajona/module_head/trunk/modul_postacomment/portal/class_modul_postacomment_portal_xml.php</path>
<path
   kind=""
   action="M">/kajona/module_head/trunk/modul_system/system/class_date.php</path>
<path
   kind=""
   action="M">/kajona/module_head/trunk/element_tellafriend/installer/installer_element_tellafriend.php</path>
<path
   kind=""
   action="M">/kajona/module_head/trunk/element_portalupload/lang/admin/modul_elemente/lang_portalupload_en.php</path>
<path
   kind=""
   action="M">/kajona/module_head/trunk/modul_navigation/lang/admin/modul_navigation/lang_navigation_bg.php</path>
<path
   kind=""
   action="M">/kajona/module_head/playground/element_rendertext/lang/admin/modul_elemente/lang_rendertext_ru.php</path>
<path
   kind=""
   action="M">/kajona/module_head/trunk/modul_postacomment/lang/portal/modul_postacomment/lang_postacomment_pt.php</path>
<path
   kind=""
   action="M">/kajona/module_head/trunk/modul_system/system/db/.htaccess</path>
<path
   kind=""
   action="M">/kajona/module_head/trunk/modul_system/system/class_socket.php</path>
<path
   kind=""
   action="M">/kajona/module_head/trunk/modul_system/portal/elemente/class_element_languageswitch.php</path>
<path
   kind=""
   action="M">/kajona/module_head/trunk/modul_stats/lang/admin/modul_stats/lang_stats_en.php</path>
<path
   kind=""
   action="M">/kajona/module_head/playground/element_textticker/installer/installer_element_textticker.php</path>
<path
   kind=""
   action="M">/kajona/module_head/trunk/modul_system/admin/skins/kajona_v3/styles_portaleditor.css</path>
<path
   kind=""
   action="M">/kajona/module_head/trunk/_debugging/debug/systemtablevisualizer.php</path>
<path
   kind=""
   action="M">/kajona/module_head/trunk/modul_navigation/portal/elemente/class_element_navigation.php</path>
<path
   kind=""
   action="M">/kajona/module_head/trunk/modul_stats/admin/widgets/class_adminwidget_stats.php</path>
<path
   kind=""
   action="M">/kajona/module_head/trunk/modul_gallery/portal/elemente/class_element_gallery.php</path>
<path
   kind=""
   action="M">/kajona/module_head/trunk/modul_pages/admin/elemente/class_element_zeile.php</path>
<path
   kind=""
   action="M">/kajona/module_head/trunk/modul_system/lang/admin/modul_languages/lang_languages_en.php</path>
<path
   kind=""
   action="M">/kajona/module_head/playground/modul_pdf/system/class_pdf_tcpdf.php</path>
<path
   kind=""
   action="M">/kajona/module_head/trunk/modul_system/admin/skins/kajona_v3/elements.tpl</path>
<path
   kind=""
   action="M">/kajona/module_head/trunk/modul_faqs/lang/admin/modul_elemente/lang_faqs_de.php</path>
<path
   kind=""
   action="M">/kajona/module_head/trunk/modul_faqs/portal/searchplugins/class_modul_faqs_search.php</path>
<path
   kind=""
   action="M">/kajona/module_head/trunk/modul_system/system/class_gzip.php</path>
<path
   kind=""
   action="M">/kajona/module_head/trunk/modul_news/lang/portal/modul_news/lang_news_en.php</path>
<path
   kind=""
   action="M">/kajona/module_head/trunk/modul_downloads/lang/admin/modul_downloads/lang_downloads_en.php</path>
<path
   kind=""
   action="M">/kajona/module_head/trunk/element_portallogin/lang/admin/modul_elemente/lang_portallogin_ru.php</path>
<path
   kind=""
   action="M">/kajona/module_head/trunk/modul_system/system/class_modul_user_log.php</path>
<path
   kind=""
   action="M">/kajona/module_head/trunk/modul_gallery/lang/admin/modul_elemente/lang_gallery_ru.php</path>
<path
   kind=""
   action="M">/kajona/module_head/trunk/modul_system/lang/admin/modul_adminwidget/lang_adminwidgetsystem_en.php</path>
<path
   kind=""
   action="M">/kajona/module_head/trunk/element_lastmodified/portal/elemente/class_element_lastmodified.php</path>
<path
   kind=""
   action="M">/kajona/module_head/trunk/modul_search/system/class_modul_search_commons.php</path>
<path
   kind=""
   action="M">/kajona/module_head/trunk/modul_system/system/class_image.php</path>
<path
   kind=""
   action="M">/kajona/module_head/trunk/modul_system/lang/portal/modul_elemente/lang_languageswitch_bg.php</path>
<path
   kind=""
   action="M">/kajona/module_head/trunk/modul_system/admin/widgets/class_adminwidget_systeminfo.php</path>
<path
   kind=""
   action="M">/kajona/module_head/trunk/_debugging/debug/dateconverter.php</path>
<path
   kind=""
   action="M">/kajona/module_head/trunk/modul_system/admin/class_modul_right_admin.php</path>
<path
   kind=""
   action="M">/kajona/module_head/trunk/modul_postacomment/system/config/modul_postacomment_id.php</path>
<path
   kind=""
   action="M">/kajona/module_head/trunk/element_tagto/admin/elemente/class_element_tagto.php</path>
<path
   kind=""
   action="M">/kajona/module_head/trunk/element_imagelightbox/lang/admin/modul_elemente/lang_imagelightbox_ru.php</path>
<path
   kind=""
   action="M">/kajona/module_head/trunk/modul_search/portal/class_modul_search_portal_xml.php</path>
<path
   kind=""
   action="M">/kajona/module_head/trunk/modul_stats/admin/statsreports/class_stats_report_topreferers.php</path>
<path
   kind=""
   action="M">/kajona/module_head/trunk/modul_postacomment/lang/admin/modul_elemente/lang_postacomment_bg.php</path>
<path
   kind=""
   action="M">/kajona/module_head/playground/element_mediaplayer/lang/admin/modul_elemente/lang_mediaplayer_de.php</path>
<path
   kind=""
   action="M">/kajona/module_head/trunk/modul_system/admin/interface_xml_admin.php</path>
<path
   kind=""
   action="M">/kajona/module_head/trunk/modul_search/lang/portal/modul_search/lang_search_pt.php</path>
<path
   kind=""
   action="M">/kajona/module_head/trunk/modul_system/image.php</path>
<path
   kind=""
   action="M">/kajona/module_head/trunk/modul_system/system/class_modul_languages_language.php</path>
<path
   kind=""
   action="M">/kajona/module_head/trunk/modul_pages/admin/interface_admin_element.php</path>
<path
   kind=""
   action="M">/kajona/module_head/trunk/modul_system/system/class_xml_parser.php</path>
<path
   kind=""
   action="M">/kajona/module_head/trunk/modul_faqs/lang/portal/modul_faqs/lang_faqs_bg.php</path>
<path
   kind=""
   action="M">/kajona/module_head/trunk/modul_navigation/lang/admin/modul_elemente/lang_navigation_ru.php</path>
<path
   kind=""
   action="M">/kajona/module_head/trunk/modul_navigation/lang/admin/modul_navigation/lang_navigation_de.php</path>
<path
   kind=""
   action="M">/kajona/module_head/trunk/modul_gallery/lang/portal/modul_gallery/lang_gallery_pt.php</path>
<path
   kind=""
   action="M">/kajona/module_head/trunk/modul_stats/admin/systemtasks/class_systemtask_stats_hostnamelookupreset.php</path>
<path
   kind=""
   action="M">/kajona/module_head/trunk/element_portallogin/lang/portal/modul_elemente/lang_portallogin_bg.php</path>
<path
   kind=""
   action="M">/kajona/module_head/trunk/modul_pages/system/class_modul_pages_pagecache.php</path>
<path
   kind=""
   action="M">/kajona/module_head/playground/element_rendertext/lang/admin/modul_elemente/lang_rendertext_en.php</path>
<path
   kind=""
   action="M">/kajona/module_head/trunk/modul_gallery/installer/installer_sc_gallery.php</path>
<path
   kind=""
   action="M">/kajona/module_head/playground/modul_basehelper/portal/elemente/class_element_basetopratelist.php</path>
<path
   kind=""
   action="M">/kajona/module_head/trunk/modul_system/system/class_graph_colorpalettes.php</path>
<path
   kind=""
   action="M">/kajona/module_head/playground/modul_basehelper/admin/elemente/class_element_baseupload.php</path>
<path
   kind=""
   action="M">/kajona/module_head/trunk/modul_search/admin/elemente/class_element_search.php</path>
<path
   kind=""
   action="M">/kajona/module_head/trunk/modul_postacomment/system/class_modul_postacomment_post.php</path>
<path
   kind=""
   action="M">/kajona/module_head/trunk/element_portalupload/admin/elemente/class_element_portalupload.php</path>
<path
   kind=""
   action="M">/kajona/module_head/playground/element_tagcloud/lang/admin/modul_elemente/lang_tagcloud_ru.php</path>
<path
   kind=""
   action="M">/kajona/module_head/trunk/modul_system/admin/class_modul_system_admin_xml.php</path>
<path
   kind=""
   action="M">/kajona/module_head/trunk/modul_system/system/class_lang_wrapper.php</path>
<path
   kind=""
   action="M">/kajona/module_head/trunk/modul_downloads/lang/admin/modul_adminwidget/lang_adminwidgetdownloads_bg.php</path>
<path
   kind=""
   action="M">/kajona/module_head/trunk/modul_pages/system/class_modul_pages_element.php</path>
<path
   kind=""
   action="M">/kajona/module_head/trunk/modul_system/lang/portal/modul_elemente/lang_languageswitch_de.php</path>
<path
   kind=""
   action="M">/kajona/module_head/playground/element_tagcloud/admin/elemente/class_element_tagcloud.php</path>
<path
   kind=""
   action="M">/kajona/module_head/trunk/modul_rating/system/class_modul_rating_sort_absolute.php</path>
<path
   kind=""
   action="M">/kajona/module_head/playground/modul_basehelper/portal/class_modul_basedownloads_portal.php</path>
<path
   kind=""
   action="M">/kajona/module_head/trunk/element_portallogin/lang/admin/modul_elemente/lang_portallogin_en.php</path>
<path
   kind=""
   action="M">/kajona/module_head/trunk/modul_gallery/lang/admin/modul_elemente/lang_gallery_en.php</path>
<path
   kind=""
   action="M">/kajona/module_head/trunk/modul_system/system/class_exception.php</path>
<path
   kind=""
   action="M">/kajona/module_head/trunk/modul_system/system/tabellen.php</path>
<path
   kind=""
   action="M">/kajona/module_head/trunk/modul_faqs/lang/admin/modul_faqs/lang_faqs_bg.php</path>
<path
   kind=""
   action="M">/kajona/module_head/trunk/modul_postacomment/lang/admin/modul_elemente/lang_postacomment_de.php</path>
<path
   kind=""
   action="M">/kajona/module_head/playground/modul_basehelper/installer/installer_element_basedownloads.php</path>
<path
   kind=""
   action="M">/kajona/module_head/trunk/element_lastmodified/installer/installer_element_lastmodified.php</path>
<path
   kind=""
   action="M">/kajona/module_head/playground/modul_basehelper/admin/elemente/class_element_basedownloads.php</path>
<path
   kind=""
   action="M">/kajona/module_head/playground/element_mediaplayer/installer/installer_element_mediaplayer.php</path>
<path
   kind=""
   action="M">/kajona/module_head/trunk/widget_weather/lang/admin/modul_adminwidget/lang_adminwidgetweather_en.php</path>
<path
   kind=""
   action="M">/kajona/module_head/trunk/modul_navigation/installer/installer_navigation.php</path>
<path
   kind=""
   action="M">/kajona/module_head/trunk/modul_faqs/lang/portal/modul_faqs/lang_faqs_de.php</path>
<path
   kind=""
   action="M">/kajona/module_head/trunk/element_imagelightbox/lang/admin/modul_elemente/lang_imagelightbox_en.php</path>
<path
   kind=""
   action="M">/kajona/module_head/trunk/element_tellafriend/lang/admin/modul_elemente/lang_tellafriend_ru.php</path>
<path
   kind=""
   action="M">/kajona/module_head/playground/modul_pdf/system/interface_pdf_header.php</path>
<path
   kind=""
   action="M">/kajona/module_head/trunk/modul_system/system/class_mail.php</path>
<path
   kind=""
   action="M">/kajona/module_head/trunk/modul_system/system/class_remoteloader.php</path>
<path
   kind=""
   action="M">/kajona/module_head/trunk/element_tellafriend/lang/portal/modul_elemente/lang_tellafriend_bg.php</path>
<path
   kind=""
   action="M">/kajona/module_head/trunk/modul_search/installer/installer_search.php</path>
<path
   kind=""
   action="M">/kajona/module_head/trunk/modul_system/system/class_carrier.php</path>
<path
   kind=""
   action="M">/kajona/module_head/trunk/element_portallogin/lang/portal/modul_elemente/lang_portallogin_de.php</path>
<path
   kind=""
   action="M">/kajona/module_head/trunk/modul_navigation/lang/admin/modul_elemente/lang_navigation_en.php</path>
<path
   kind=""
   action="M">/kajona/module_head/trunk/modul_postacomment/portal/class_modul_postacomment_portal.php</path>
<path
   kind=""
   action="M">/kajona/module_head/trunk/modul_stats/system/class_modul_stats_worker.php</path>
<path
   kind=""
   action="M">/kajona/module_head/trunk/modul_news/system/class_modul_news_category.php</path>
<path
   kind=""
   action="M">/kajona/module_head/trunk/modul_downloads/installer/installer_downloads.php</path>
<path
   kind=""
   action="M">/kajona/module_head/trunk/modul_rating/portal/class_modul_rating_portal_xml.php</path>
<path
   kind=""
   action="M">/kajona/module_head/trunk/_debugging/debug/dbimport.php</path>
<path
   kind=""
   action="M">/kajona/module_head/trunk/modul_navigation/system/config/modul_navigation_id.php</path>
<path
   kind=""
   action="M">/kajona/module_head/trunk/modul_system/portal/scripts/kajona.js</path>
<path
   kind=""
   action="M">/kajona/module_head/trunk/modul_postacomment/admin/elemente/class_element_postacomment.php</path>
<path
   kind=""
   action="M">/kajona/module_head/trunk/modul_search/lang/admin/modul_search/lang_search_en.php</path>
<path
   kind=""
   action="M">/kajona/module_head/playground/modul_pdf/system/class_pdf.php</path>
<path
   kind=""
   action="M">/kajona/module_head/trunk/modul_pages/lang/admin/modul_pages/lang_pages_ru.php</path>
<path
   kind=""
   action="M">/kajona/module_head/trunk/modul_system/system/class_modul_system_setting.php</path>
<path
   kind=""
   action="M">/kajona/module_head/trunk/modul_rating/system/interface_modul_rating_algo.php</path>
<path
   kind=""
   action="M">/kajona/module_head/trunk/element_tellafriend/admin/elemente/class_element_tellafriend.php</path>
<path
   kind=""
   action="M">/kajona/module_head/trunk/modul_downloads/lang/admin/modul_adminwidget/lang_adminwidgetdownloads_de.php</path>
<path
   kind=""
   action="M">/kajona/module_head/trunk/modul_downloads/installer/installer_sc_downloads.php</path>
<path
   kind=""
   action="M">/kajona/module_head/trunk/modul_system/lang/admin/modul_dashboard/lang_dashboard_bg.php</path>
<path
   kind=""
   action="M">/kajona/module_head/playground/modul_pdf/system/interface_pdf_footer.php</path>
<path
   kind=""
   action="M">/kajona/module_head/trunk/modul_postacomment/lang/portal/modul_postacomment/lang_postacomment_bg.php</path>
<path
   kind=""
   action="M">/kajona/module_head/trunk/modul_news/lang/admin/modul_news/lang_news_bg.php</path>
<path
   kind=""
   action="M">/kajona/module_head/trunk/modul_stats/lang/admin/modul_adminwidget/lang_adminwidgetstats_bg.php</path>
<path
   kind=""
   action="M">/kajona/module_head/playground/element_tagcloud/lang/admin/modul_elemente/lang_tagcloud_en.php</path>
<path
   kind=""
   action="M">/kajona/module_head/playground/modul_basehelper/lang/admin/modul_elemente/lang_mybase_ru.php</path>
<path
   kind=""
   action="M">/kajona/module_head/trunk/modul_pages/admin/elemente/class_element_bild.php</path>
<path
   kind=""
   action="M">/kajona/module_head/trunk/modul_system/system/class_http_statuscodes.php</path>
<path
   kind=""
   action="M">/kajona/module_head/trunk/modul_system/system/class_modul_system_adminwidget.php</path>
<path
   kind=""
   action="M">/kajona/module_head/playground/modul_basehelper/installer/installer_element_baseupload.php</path>
<path
   kind=""
   action="M">/kajona/module_head/trunk/modul_faqs/lang/admin/modul_faqs/lang_faqs_de.php</path>
<path
   kind=""
   action="M">/kajona/module_head/trunk/modul_system/admin/systemtasks/class_systemtask_compresspicuploads.php</path>
<path
   kind=""
   action="M">/kajona/module_head/trunk/modul_pages/lang/admin/modul_elemente/lang_absatz_ru.php</path>
<path
   kind=""
   action="M">/kajona/module_head/trunk/modul_system/admin/skins/kajona_v3/styles.css</path>
<path
   kind=""
   action="M">/kajona/module_head/trunk/element_formular/lang/admin/modul_elemente/lang_formular_bg.php</path>
<path
   kind=""
   action="M">/kajona/module_head/trunk/modul_samplecontent/portal/css/kajona.css</path>
<path
   kind=""
   action="M">/kajona/module_head/trunk/modul_news/portal/searchplugins/class_modul_news_search.php</path>
<path
   kind=""
   action="M">/kajona/module_head/playground/modul_basehelper/installer/installer_element_basetophitlist.php</path>
<path
   kind=""
   action="M">/kajona/module_head/trunk/modul_search/portal/searchplugins/interface_search_plugin.php</path>
<path
   kind=""
   action="M">/kajona/module_head/trunk/modul_search/portal/class_modul_search_portal.php</path>
<path
   kind=""
   action="M">/kajona/module_head/trunk/modul_guestbook/lang/admin/modul_elemente/lang_guestbook_ru.php</path>
<path
   kind=""
   action="M">/kajona/module_head/trunk/element_tellafriend/lang/portal/modul_elemente/lang_tellafriend_de.php</path>
<path
   kind=""
   action="M">/kajona/module_head/trunk/element_tellafriend/lang/admin/modul_elemente/lang_tellafriend_en.php</path>
<path
   kind=""
   action="M">/kajona/module_head/trunk/_debugging/debug/gdinfo.php</path>
<path
   kind=""
   action="M">/kajona/module_head/trunk/modul_system/lang/admin/modul_filemanager/lang_filemanager_ru.php</path>
<path
   kind=""
   action="M">/kajona/module_head/trunk/modul_stats/admin/statsreports/class_stats_report_topsystems.php</path>
<path
   kind=""
   action="M">/kajona/module_head/trunk/modul_postacomment/installer/installer_postacomment.php</path>
<path
   kind=""
   action="M">/kajona/module_head/trunk/modul_news/system/config/modul_news_id.php</path>
<path
   kind=""
   action="M">/kajona/module_head/trunk/modul_system/admin/.htaccess</path>
<path
   kind=""
   action="M">/kajona/module_head/trunk/modul_system/lang/admin/modul_user/lang_user_bg.php</path>
<path
   kind=""
   action="M">/kajona/module_head/trunk/modul_system/admin/widgets/class_adminwidget.php</path>
<path
   kind=""
   action="M">/kajona/module_head/trunk/modul_downloads/lang/admin/modul_elemente/lang_downloads_bg.php</path>
<path
   kind=""
   action="M">/kajona/module_head/trunk/element_portalregistration/lang/portal/modul_elemente/lang_portalregistration_en.php</path>
<path
   kind=""
   action="M">/kajona/module_head/trunk/modul_pages/portal/class_modul_pages_portal.php</path>
<path
   kind=""
   action="M">/kajona/module_head/trunk/modul_system/.htaccess</path>
<path
   kind=""
   action="M">/kajona/module_head/trunk/modul_search/installer/installer_sc_search.php</path>
<path
   kind=""
   action="M">/kajona/module_head/trunk/modul_search/lang/portal/modul_search/lang_search_bg.php</path>
<path
   kind=""
   action="M">/kajona/module_head/playground/modul_basehelper/portal/elemente/class_element_basedownloads.php</path>
<path
   kind=""
   action="M">/kajona/module_head/playground/modul_basehelper/admin/elemente/class_element_basetophitlist.php</path>
<path
   kind=""
   action="M">/kajona/module_head/trunk/modul_news/admin/class_modul_news_admin.php</path>
<path
   kind=""
   action="M">/kajona/module_head/trunk/element_rssfeed/lang/admin/modul_elemente/lang_rssfeed_bg.php</path>
<path
   kind=""
   action="M">/kajona/module_head/trunk/modul_system/admin/class_modul_languages_admin.php</path>
<path
   kind=""
   action="M">/kajona/module_head/trunk/modul_pages/portal/searchplugins/class_modul_pages_search.php</path>
<path
   kind=""
   action="M">/kajona/module_head/playground/element_tagcloud/installer/installer_element_tagcloud.php</path>
<path
   kind=""
   action="M">/kajona/module_head/trunk/element_portalregistration/installer/installer_element_portalregistration.php</path>
<path
   kind=""
   action="M">/kajona/module_head/trunk/modul_system/lang/admin/modul_dashboard/lang_dashboard_de.php</path>
<path
   kind=""
   action="M">/kajona/module_head/trunk/modul_news/system/class_modul_news_feed.php</path>
<path
   kind=""
   action="M">/kajona/module_head/trunk/element_tagto/lang/admin/modul_elemente/lang_tagto_bg.php</path>
<path
   kind=""
   action="M">/kajona/module_head/trunk/modul_news/lang/admin/modul_news/lang_news_de.php</path>
<path
   kind=""
   action="M">/kajona/module_head/trunk/modul_postacomment/lang/portal/modul_postacomment/lang_postacomment_de.php</path>
<path
   kind=""
   action="M">/kajona/module_head/trunk/modul_stats/lang/admin/modul_adminwidget/lang_adminwidgetstats_de.php</path>
<path
   kind=""
   action="M">/kajona/module_head/trunk/modul_system/admin/skins/.htaccess</path>
<path
   kind=""
   action="M">/kajona/module_head/trunk/modul_gallery/lang/portal/modul_gallery/lang_gallery_bg.php</path>
<path
   kind=""
   action="M">/kajona/module_head/trunk/modul_system/admin/scripts/.htaccess</path>
<path
   kind=""
   action="M">/kajona/module_head/trunk/modul_pages/lang/admin/modul_pages/lang_pages_en.php</path>
<path
   kind=""
   action="M">/kajona/module_head/trunk/modul_search/lang/admin/modul_elemente/lang_search_bg.php</path>
<path
   kind=""
   action="M">/kajona/module_head/trunk/modul_pages/portal/interface_portal_element.php</path>
<path
   kind=""
   action="M">/kajona/module_head/trunk/element_rssfeed/portal/elemente/class_element_rssfeed.php</path>
<path
   kind=""
   action="M">/kajona/module_head/trunk/modul_faqs/lang/admin/modul_elemente/lang_faqs_ru.php</path>
<path
   kind=""
   action="M">/kajona/module_head/trunk/modul_navigation/portal/class_modul_navigation_portal.php</path>
<path
   kind=""
   action="M">/kajona/module_head/playground/modul_basehelper/lang/admin/modul_elemente/lang_mybase_en.php</path>
<path
   kind=""
   action="M">/kajona/module_head/trunk/element_formular/lang/admin/modul_elemente/lang_formular_de.php</path>
<path
   kind=""
   action="M">/kajona/module_head/trunk/modul_system/lang/admin/modul_system/lang_system_pt.php</path>
<path
   kind=""
   action="M">/kajona/module_head/trunk/modul_search/admin/statsreports/class_stats_report_searchqueries.php</path>
<path
   kind=""
   action="M">/kajona/module_head/trunk/modul_pages/admin/class_element_admin.php</path>
<path
   kind=""
   action="M">/kajona/module_head/trunk/modul_postacomment/lang/admin/modul_postacomment/lang_postacomment_bg.php</path>
<path
   kind=""
   action="M">/kajona/module_head/trunk/modul_system/system/db/interface_db_driver.php</path>
<path
   kind=""
   action="M">/kajona/module_head/playground/modul_basehelper/lang/portal/modul_elemente/lang_baseupload_en.php</path>
<path
   kind=""
   action="M">/kajona/module_head/trunk/modul_pages/lang/admin/modul_elemente/lang_absatz_en.php</path>
<path
   kind=""
   action="M">/kajona/module_head/trunk/modul_system/system/config/config.php</path>
<path
   kind=""
   action="M">/kajona/module_head/trunk/modul_stats/admin/statsreports/class_stats_report_toppages.php</path>
<path
   kind=""
   action="M">/kajona/module_head/trunk/widget_rssfeed/admin/widgets/class_adminwidget_rssfeed.php</path>
<path
   kind=""
   action="M">/kajona/module_head/trunk/modul_system/system/.htaccess</path>
<path
   kind=""
   action="M">/kajona/module_head/trunk/modul_pages/installer/installer_sc_01pages.php</path>
<path
   kind=""
   action="M">/kajona/module_head/trunk/modul_guestbook/lang/admin/modul_elemente/lang_guestbook_en.php</path>
<path
   kind=""
   action="M">/kajona/module_head/trunk/modul_system/admin/skins/kajona_v3/login.tpl</path>
<path
   kind=""
   action="M">/kajona/module_head/playground/modul_basehelper/admin/elemente/class_element_mybase.php</path>
<path
   kind=""
   action="M">/kajona/module_head/trunk/widget_weather/admin/widgets/class_adminwidget_weather.php</path>
<path
   kind=""
   action="M">/kajona/module_head/playground/element_mediaplayer/lang/admin/modul_elemente/lang_mediaplayer_ru.php</path>
<path
   kind=""
   action="M">/kajona/module_head/trunk/modul_system/lang/admin/modul_user/lang_user_de.php</path>
<path
   kind=""
   action="M">/kajona/module_head/trunk/modul_downloads/lang/portal/modul_downloads/lang_downloads_pt.php</path>
<path
   kind=""
   action="M">/kajona/module_head/trunk/modul_system/lang/admin/modul_filemanager/lang_filemanager_en.php</path>
<path
   kind=""
   action="M">/kajona/module_head/trunk/modul_downloads/lang/admin/modul_elemente/lang_downloads_de.php</path>
<path
   kind=""
   action="M">/kajona/module_head/trunk/modul_pages/admin/elemente/class_element_absatz.php</path>
<path
   kind=""
   action="M">/kajona/module_head/trunk/modul_system/system/class_template.php</path>
<path
   kind=""
   action="M">/kajona/module_head/trunk/modul_search/lang/portal/modul_search/lang_search_de.php</path>
<path
   kind=""
   action="M">/kajona/module_head/trunk/modul_navigation/lang/admin/modul_navigation/lang_navigation_ru.php</path>
<path
   kind=""
   action="M">/kajona/module_head/trunk/element_rssfeed/lang/admin/modul_elemente/lang_rssfeed_de.php</path>
<path
   kind=""
   action="M">/kajona/module_head/playground/element_mediaplayer/portal/elemente/class_element_mediaplayer.php</path>
<path
   kind=""
   action="M">/kajona/module_head/trunk/element_rssfeed/lang/portal/modul_elemente/lang_rssfeed_pt.php</path>
<path
   kind=""
   action="M">/kajona/module_head/trunk/modul_navigation/admin/class_modul_navigation_admin.php</path>
<path
   kind=""
   action="M">/kajona/module_head/trunk/copy2project.php</path>
<path
   kind=""
   action="M">/kajona/module_head/playground/modul_pdf/system/class_pdf_header.php</path>
<path
   kind=""
   action="M">/kajona/module_head/trunk/element_tagto/lang/admin/modul_elemente/lang_tagto_de.php</path>
<path
   kind=""
   action="M">/kajona/module_head/trunk/modul_gallery/system/class_modul_gallery_gallery.php</path>
<path
   kind=""
   action="M">/kajona/module_head/trunk/modul_system/system/db/class_db_sqlite.php</path>
<path
   kind=""
   action="M">/kajona/module_head/trunk/modul_gallery/lang/portal/modul_gallery/lang_gallery_de.php</path>
<path
   kind=""
   action="M">/kajona/module_head/trunk/modul_search/lang/admin/modul_elemente/lang_search_de.php</path>
<path
   kind=""
   action="M">/kajona/module_head/trunk/modul_navigation/installer/installer_sc_02navigation.php</path>
<path
   kind=""
   action="M">/kajona/module_head/trunk/modul_system/admin/scripts/fckeditor/.htaccess</path>
<path
   kind=""
   action="M">/kajona/module_head/trunk/element_imagelightbox/installer/installer_element_imagelightbox.php</path>
<path
   kind=""
   action="M">/kajona/module_head/trunk/modul_stats/portal/class_modul_stats_portal.php</path>
<path
   kind=""
   action="M">/kajona/module_head/trunk/modul_system/admin/skins/kajona_v3/main.tpl</path>
<path
   kind=""
   action="M">/kajona/module_head/trunk/modul_postacomment/lang/admin/modul_postacomment/lang_postacomment_de.php</path>
<path
   kind=""
   action="M">/kajona/module_head/trunk/modul_faqs/lang/admin/modul_elemente/lang_faqs_en.php</path>
<path
   kind=""
   action="M">/kajona/module_head/trunk/modul_news/portal/class_modul_news_portal_xml.php</path>
<path
   kind=""
   action="M">/kajona/module_head/trunk/modul_system/admin/class_modul_dashboard_admin_xml.php</path>
<path
   kind=""
   action="M">/kajona/module_head/trunk/modul_system/admin/class_modul_login_admin.php</path>
<path
   kind=""
   action="M">/kajona/module_head/trunk/modul_faqs/installer/installer_sc_faqs.php</path>
<path
   kind=""
   action="M">/kajona/module_head/playground/modul_pdf/system/class_pdf_footer.php</path>
<path
   kind=""
   action="M">/kajona/module_head/trunk/modul_postacomment/lang/admin/modul_elemente/lang_postacomment_ru.php</path>
<path
   kind=""
   action="M">/kajona/module_head/trunk/element_imagelightbox/admin/elemente/class_element_imagelightbox.php</path>
<path
   kind=""
   action="M">/kajona/module_head/playground/modul_basehelper/portal/elemente/class_element_baseupload.php</path>
<path
   kind=""
   action="M">/kajona/module_head/trunk/modul_system/lang/admin/modul_elemente/lang_languageswitch_bg.php</path>
<path
   kind=""
   action="M">/kajona/module_head/playground/modul_basehelper/portal/elemente/class_element_baselatestlist.php</path>
<path
   kind=""
   action="M">/kajona/module_head/playground/element_mediaplayer/lang/admin/modul_elemente/lang_mediaplayer_en.php</path>
<path
   kind=""
   action="M">/kajona/module_head/trunk/modul_system/installer/installer.php</path>
<path
   kind=""
   action="M">/kajona/module_head/trunk/modul_gallery/portal/searchplugins/class_modul_gallery_search.php</path>
<path
   kind=""
   action="M">/kajona/module_head/trunk/modul_faqs/portal/elemente/class_element_faqs.php</path>
<path
   kind=""
   action="M">/kajona/module_head/trunk/modul_system/system/class_db.php</path>
<path
   kind=""
   action="M">/kajona/module_head/playground/modul_basehelper/installer/installer_element_basetopratelist.php</path>
<path
   kind=""
   action="M">/kajona/module_head/trunk/modul_system/installer/index.php</path>
<path
   kind=""
   action="M">/kajona/module_head/trunk/modul_navigation/lang/admin/modul_navigation/lang_navigation_en.php</path>
<path
   kind=""
   action="M">/kajona/module_head/trunk/modul_system/lang/portal/.htaccess</path>
<path
   kind=""
   action="M">/kajona/module_head/trunk/modul_guestbook/installer/installer_sc_guestbook.php</path>
<path
   kind=""
   action="M">/kajona/module_head/trunk/modul_system/portal/elemente/.htaccess</path>
<path
   kind=""
   action="M">/kajona/module_head/trunk/modul_system/admin/skins/classic/styles.css</path>
<path
   kind=""
   action="M">/kajona/module_head/trunk/modul_system/portal/.htaccess</path>
<path
   kind=""
   action="M">/kajona/module_head/trunk/modul_system/portal/class_toolkit_portal.php</path>
<path
   kind=""
   action="M">/kajona/module_head/trunk/modul_pages/admin/systemtasks/class_systemtask_flushpagescache.php</path>
<path
   kind=""
   action="M">/kajona/module_head/trunk/modul_system/installer/installer_system.php</path>
<path
   kind=""
   action="M">/kajona/module_head/trunk/modul_rating/installer/installer_rating.php</path>
<path
   kind=""
   action="M">/kajona/module_head/trunk/modul_downloads/lang/admin/modul_elemente/lang_downloadstoplist_bg.php</path>
<path
   kind=""
   action="M">/kajona/module_head/trunk/modul_pages/lang/portal/modul_pages/lang_pages_pt.php</path>
<path
   kind=""
   action="M">/kajona/module_head/trunk/widget_rssfeed/lang/admin/modul_adminwidget/lang_adminwidgetrssfeed_bg.php</path>
<path
   kind=""
   action="M">/kajona/module_head/playground/modul_basehelper/lang/admin/modul_elemente/lang_baseupload_ru.php</path>
<path
   kind=""
   action="M">/kajona/module_head/trunk/modul_system/lang/portal/modul_elemente/lang_languageswitch_en.php</path>
<path
   kind=""
   action="M">/kajona/module_head/trunk/modul_system/admin/widgets/interface_adminwidget.php</path>
<path
   kind=""
   action="M">/kajona/module_head/trunk/modul_faqs/lang/admin/modul_faqs/lang_faqs_ru.php</path>
<path
   kind=""
   action="M">/kajona/module_head/trunk/modul_system/portal/pics/.htaccess</path>
<path
   kind=""
   action="M">/kajona/module_head/playground/modul_basehelper/portal/elemente/class_element_mybase.php</path>
<path
   kind=""
   action="M">/kajona/module_head/trunk/modul_system/admin/widgets/class_adminwidget_systemlog.php</path>
<path
   kind=""
   action="M">/kajona/module_head/trunk/modul_system/lang/admin/modul_elemente/lang_languageswitch_de.php</path>
<path
   kind=""
   action="M">/kajona/module_head/trunk/modul_postacomment/lang/admin/modul_elemente/lang_postacomment_en.php</path>
<path
   kind=""
   action="M">/kajona/module_head/trunk/modul_system/lang/admin/modul_system/lang_system_bg.php</path>
<path
   kind=""
   action="M">/kajona/module_head/trunk/modul_search/system/config/modul_search_id.php</path>
<path
   kind=""
   action="M">/kajona/module_head/trunk/modul_postacomment/portal/elemente/class_element_postacomment.php</path>
<path
   kind=""
   action="M">/kajona/module_head/trunk/modul_stats/admin/systemtasks/class_systemtask_stats_hostnamelookup.php</path>
<path
   kind=""
   action="M">/kajona/module_head/trunk/modul_faqs/lang/portal/modul_faqs/lang_faqs_en.php</path>
<path
   kind=""
   action="M">/kajona/module_head/playground/modul_basehelper/admin/elemente/class_element_basetopratelist.php</path>
<path
   kind=""
   action="M">/kajona/module_head/trunk/modul_system/system/class_modul_system_module.php</path>
<path
   kind=""
   action="M">/kajona/module_head/trunk/modul_system/system/class_texte.php</path>
<path
   kind=""
   action="M">/kajona/module_head/trunk/modul_system/system/fonts/.htaccess</path>
<path
   kind=""
   action="M">/kajona/module_head/trunk/element_tagto/installer/installer_element_tagto.php</path>
<path
   kind=""
   action="M">/kajona/module_head/trunk/modul_system/admin/systemtasks/class_systemtask_dbconsistency.php</path>
<path
   kind=""
   action="M">/kajona/module_head/trunk/modul_faqs/portal/class_modul_faqs_portal.php</path>
<path
   kind=""
   action="M">/kajona/module_head/trunk/modul_system/admin/systemtasks/class_systemtask_base.php</path>
<path
   kind=""
   action="M">/kajona/module_head/trunk/modul_system/system/db/class_db_mysql.php</path>
<path
   kind=""
   action="M">/kajona/module_head/trunk/element_portallogin/lang/portal/modul_elemente/lang_portallogin_en.php</path>
<path
   kind=""
   action="M">/kajona/module_head/trunk/modul_gallery/system/class_modul_gallery_pic.php</path>
<path
   kind=""
   action="M">/kajona/module_head/playground/modul_basehelper/lang/portal/modul_elemente/lang_baseregistration_en.php</path>
<path
   kind=""
   action="M">/kajona/module_head/trunk/modul_downloads/lang/portal/modul_downloads/lang_downloads_bg.php</path>
<path
   kind=""
   action="M">/kajona/module_head/playground/modul_basehelper/system/class_modul_kajonabase_common.php</path>
<path
   kind=""
   action="M">/kajona/module_head/trunk/modul_pages/admin/class_modul_pages_content_admin.php</path>
<path
   kind=""
   action="M">/kajona/module_head/trunk/modul_gallery/lang/admin/modul_gallery/lang_gallery_bg.php</path>
<path
   kind=""
   action="M">/kajona/module_head/trunk/modul_system/lang/admin/modul_dashboard/lang_dashboard_ru.php</path>
<path
   kind=""
   action="M">/kajona/module_head/trunk/element_rssfeed/installer/installer_element_rssfeed.php</path>
<path
   kind=""
   action="M">/kajona/module_head/trunk/modul_downloads/lang/admin/modul_elemente/lang_downloadstoplist_de.php</path>
<path
   kind=""
   action="M">/kajona/module_head/trunk/modul_news/lang/admin/modul_news/lang_news_ru.php</path>
<path
   kind=""
   action="M">/kajona/module_head/trunk/widget_rssfeed/lang/admin/modul_adminwidget/lang_adminwidgetrssfeed_de.php</path>
<path
   kind=""
   action="M">/kajona/module_head/trunk/modul_pages/portal/global_includes.php</path>
<path
   kind=""
   action="M">/kajona/module_head/trunk/modul_system/system/class_modul_dashboard_widget.php</path>
<path
   kind=""
   action="M">/kajona/module_head/trunk/modul_system/admin/widgets/class_adminwidget_note.php</path>
<path
   kind=""
   action="M">/kajona/module_head/trunk/element_rssfeed/lang/portal/modul_elemente/lang_rssfeed_bg.php</path>
<path
   kind=""
   action="M">/kajona/module_head/trunk/modul_downloads/lang/admin/modul_adminwidget/lang_adminwidgetdownloads_en.php</path>
<path
   kind=""
   action="M">/kajona/module_head/trunk/modul_system/admin/class_admin.php</path>
<path
   kind=""
   action="M">/kajona/module_head/trunk/modul_system/admin/systemtasks/class_systemtask_flushremoteloadercache.php</path>
<path
   kind=""
   action="M">/kajona/module_head/trunk/modul_guestbook/lang/portal/modul_guestbook/lang_guestbook_pt.php</path>
<path
   kind=""
   action="M">/kajona/module_head/trunk/modul_stats/admin/statsreports/class_stats_report_topcountries.php</path>
<path
   kind=""
   action="M">/kajona/module_head/trunk/modul_system/docs/.htaccess</path>
<path
   kind=""
   action="M">/kajona/module_head/playground/modul_basehelper/lang/admin/modul_elemente/lang_baseupload_en.php</path>
<path
   kind=""
   action="M">/kajona/module_head/trunk/element_lastmodified/lang/portal/modul_elemente/lang_lastmodified_pt.php</path>
<path
   kind=""
   action="M">/kajona/module_head/trunk/element_formular/lang/admin/modul_elemente/lang_formular_ru.php</path>
<path
   kind=""
   action="M">/kajona/module_head/trunk/modul_stats/installer/installer_stats.php</path>
<path
   kind=""
   action="M">/kajona/module_head/trunk/element_portalupload/lang/portal/modul_elemente/lang_portalupload_pt.php</path>
<path
   kind=""
   action="M">/kajona/module_head/trunk/modul_faqs/lang/admin/modul_faqs/lang_faqs_en.php</path>
<path
   kind=""
   action="M">/kajona/module_head/trunk/modul_system/portal/class_portal.php</path>
<path
   kind=""
   action="M">/kajona/module_head/trunk/element_imagelightbox/portal/elemente/class_element_imagelightbox.php</path>
<path
   kind=""
   action="M">/kajona/module_head/trunk/modul_rating/system/config/modul_rating_id.php</path>
<path
   kind=""
   action="M">/kajona/module_head/trunk/modul_system/system/config/modul_system_id.php</path>
<path
   kind=""
   action="M">/kajona/module_head/trunk/modul_system/lang/admin/modul_system/lang_system_de.php</path>
<path
   kind=""
   action="M">/kajona/module_head/trunk/modul_gallery/admin/elemente/class_element_gallery.php</path>
<path
   kind=""
   action="M">/kajona/module_head/trunk/modul_pages/portal/searchplugins/searchdef_pages_common.php</path>
<path
   kind=""
   action="M">/kajona/module_head/trunk/modul_system/system/interface_model.php</path>
<path
   kind=""
   action="M">/kajona/module_head/trunk/modul_navigation/system/class_modul_navigation_cache.php</path>
<path
   kind=""
   action="M">/kajona/module_head/trunk/modul_system/lang/.htaccess</path>
<path
   kind=""
   action="M">/kajona/module_head/playground/modul_basehelper/installer/installer_element_mybase.php</path>
<path
   kind=""
   action="M">/kajona/module_head/trunk/element_tellafriend/lang/portal/modul_elemente/lang_tellafriend_en.php</path>
<path
   kind=""
   action="M">/kajona/module_head/trunk/modul_pages/portal/class_element_portal.php</path>
<path
   kind=""
   action="M">/kajona/module_head/trunk/modul_system/lang/admin/modul_user/lang_user_ru.php</path>
<path
   kind=""
   action="M">/kajona/module_head/trunk/modul_downloads/lang/admin/modul_elemente/lang_downloads_ru.php</path>
<path
   kind=""
   action="M">/kajona/module_head/playground/element_textticker/portal/elemente/class_element_textticker.php</path>
<path
   kind=""
   action="M">/kajona/module_head/trunk/modul_news/lang/admin/modul_elemente/lang_news_bg.php</path>
<path
   kind=""
   action="M">/kajona/module_head/trunk/element_portalupload/installer/installer_element_portalupload.php</path>
<path
   kind=""
   action="M">/kajona/module_head/trunk/modul_downloads/lang/portal/modul_downloads/lang_downloads_de.php</path>
<path
   kind=""
   action="M">/kajona/module_head/trunk/modul_pages/system/class_modul_pages_pageelement.php</path>
<path
   kind=""
   action="M">/kajona/module_head/trunk/element_rssfeed/lang/admin/modul_elemente/lang_rssfeed_ru.php</path>
<path
   kind=""
   action="M">/kajona/module_head/trunk/modul_gallery/lang/admin/modul_gallery/lang_gallery_de.php</path>
<path
   kind=""
   action="M">/kajona/module_head/trunk/element_portalregistration/lang/admin/modul_elemente/lang_portalregistration_bg.php</path>
<path
   kind=""
   action="M">/kajona/module_head/trunk/element_tagto/lang/admin/modul_elemente/lang_tagto_ru.php</path>
<path
   kind=""
   action="M">/kajona/module_head/trunk/modul_search/lang/admin/modul_elemente/lang_search_ru.php</path>
<path
   kind=""
   action="M">/kajona/module_head/trunk/element_rssfeed/lang/portal/modul_elemente/lang_rssfeed_de.php</path>
<path
   kind=""
   action="M">/kajona/module_head/trunk/modul_stats/admin/statsreports/class_stats_report_common.php</path>
<path
   kind=""
   action="M">/kajona/module_head/trunk/modul_downloads/admin/class_modul_downloads_admin_xml.php</path>
<path
   kind=""
   action="M">/kajona/module_head/trunk/modul_news/lang/portal/modul_news/lang_news_pt.php</path>
<path
   kind=""
   action="M">/kajona/module_head/trunk/modul_system/installer/installer_sc_filemanager.php</path>
<path
   kind=""
   action="M">/kajona/module_head/trunk/modul_system/lang/admin/modul_dashboard/lang_dashboard_en.php</path>
<path
   kind=""
   action="M">/kajona/module_head/trunk/element_portalregistration/portal/elemente/class_element_portalregistration.php</path>
<path
   kind=""
   action="M">/kajona/module_head/trunk/modul_system/system/class_graph_pchart.php</path>
<path
   kind=""
   action="M">/kajona/module_head/trunk/modul_news/lang/admin/modul_news/lang_news_en.php</path>
<path
   kind=""
   action="M">/kajona/module_head/trunk/modul_postacomment/lang/portal/modul_postacomment/lang_postacomment_en.php</path>
<path
   kind=""
   action="M">/kajona/module_head/trunk/modul_stats/lang/admin/modul_adminwidget/lang_adminwidgetstats_en.php</path>
<path
   kind=""
   action="M">/kajona/module_head/trunk/modul_gallery/system/config/modul_gallery_id.php</path>
<path
   kind=""
   action="M">/kajona/module_head/trunk/modul_system/system/interface_sortable_rating.php</path>
<path
   kind=""
   action="M">/kajona/module_head/trunk/modul_search/portal/elemente/class_element_search.php</path>
<path
   kind=""
   action="M">/kajona/module_head/trunk/modul_system/system/interface_sc_installer.php</path>
<path
   kind=""
   action="M">/kajona/module_head/trunk/modul_postacomment/lang/admin/modul_postacomment/lang_postacomment_ru.php</path>
<path
   kind=""
   action="M">/kajona/module_head/trunk/modul_system/system/includes.php</path>
<path
   kind=""
   action="M">/kajona/module_head/playground/modul_pdf/system/tcpdf/tcpdf.php</path>
<path
   kind=""
   action="M">/kajona/module_head/trunk/modul_pages/portal/elemente/class_element_absatz.php</path>
<path
   kind=""
   action="M">/kajona/module_head/trunk/element_formular/lang/admin/modul_elemente/lang_formular_en.php</path>
<path
   kind=""
   action="M">/kajona/module_head/trunk/element_portalupload/portal/elemente/class_element_portalupload.php</path>
<path
   kind=""
   action="M">/kajona/module_head/trunk/element_rssfeed/admin/elemente/class_element_rssfeed.php</path>
<path
   kind=""
   action="M">/kajona/module_head/trunk/modul_system/system/debug/.htaccess</path>
<path
   kind=""
   action="M">/kajona/module_head/trunk/modul_pages/lang/portal/modul_pages/lang_pages_bg.php</path>
<path
   kind=""
   action="M">/kajona/module_head/trunk/modul_samplecontent/system/config/modul_sampleconfig_id.php</path>
<path
   kind=""
   action="M">/kajona/module_head/playground/modul_basehelper/portal/searchplugins/class_modul_basedownloads_search.php.php</path>
<path
   kind=""
   action="M">/kajona/module_head/trunk/modul_system/system/dbdumps/.htaccess</path>
<path
   kind=""
   action="M">/kajona/module_head/trunk/element_formular/portal/forms/class_formular_kontakt.php</path>
<path
   kind=""
   action="M">/kajona/module_head/trunk/modul_system/portal/css/.htaccess</path>
<path
   kind=""
   action="M">/kajona/module_head/trunk/modul_news/installer/installer_news.php</path>
<path
   kind=""
   action="M">/kajona/module_head/trunk/modul_downloads/portal/searchplugins/class_modul_downloads_search.php</path>
<path
   kind=""
   action="M">/kajona/module_head/trunk/modul_news/lang/admin/modul_elemente/lang_news_de.php</path>
<path
   kind=""
   action="M">/kajona/module_head/trunk/modul_system/system/class_modul_user_user.php</path>
<path
   kind=""
   action="M">/kajona/module_head/trunk/modul_system/tests/.htaccess</path>
<path
   kind=""
   action="M">/kajona/module_head/trunk/modul_guestbook/portal/class_modul_guestbook_portal.php</path>
<path
   kind=""
   action="M">/kajona/module_head/trunk/modul_system/lang/admin/modul_user/lang_user_en.php</path>
<path
   kind=""
   action="M">/kajona/module_head/trunk/modul_rating/system/class_modul_rating_algo_gaussian.php</path>
<path
   kind=""
   action="M">/kajona/module_head/trunk/modul_downloads/lang/admin/modul_elemente/lang_downloads_en.php</path>
<path
   kind=""
   action="M">/kajona/module_head/trunk/_debugging/debug/compress_jscss.php</path>
<path
   kind=""
   action="M">/kajona/module_head/trunk/element_portalregistration/lang/admin/modul_elemente/lang_portalregistration_de.php</path>
<path
   kind=""
   action="M">/kajona/module_head/trunk/modul_search/lang/portal/modul_search/lang_search_en.php</path>
<path
   kind=""
   action="M">/kajona/module_head/trunk/modul_system/system/interface_xml.php</path>
<path
   kind=""
   action="M">/kajona/module_head/trunk/element_rssfeed/lang/admin/modul_elemente/lang_rssfeed_en.php</path>
<path
   kind=""
   action="M">/kajona/module_head/playground/element_textticker/admin/elemente/class_element_textticker.php</path>
<path
   kind=""
   action="M">/kajona/module_head/trunk/modul_downloads/system/class_modul_downloads_file.php</path>
<path
   kind=""
   action="M">/kajona/module_head/trunk/modul_system/system/db/class_db_postgres.php</path>
<path
   kind=""
   action="M">/kajona/module_head/trunk/modul_faqs/installer/installer_faqs.php</path>
<path
   kind=""
   action="M">/kajona/module_head/trunk/element_tagto/lang/admin/modul_elemente/lang_tagto_en.php</path>
<path
   kind=""
   action="M">/kajona/module_head/trunk/modul_system/admin/class_modul_dashboard_admin.php</path>
<path
   kind=""
   action="M">/kajona/module_head/trunk/modul_gallery/lang/portal/modul_gallery/lang_gallery_en.php</path>
<path
   kind=""
   action="M">/kajona/module_head/trunk/modul_search/lang/admin/modul_elemente/lang_search_en.php</path>
<path
   kind=""
   action="M">/kajona/module_head/trunk/modul_system/admin/widgets/class_adminwidget_systemcheck.php</path>
<path
   kind=""
   action="M">/kajona/module_head/trunk/modul_system/admin/skins/classic/elements.tpl</path>
<path
   kind=""
   action="M">/kajona/module_head/trunk/modul_guestbook/installer/installer_guestbook.php</path>
<path
   kind=""
   action="M">/kajona/module_head/trunk/modul_system/admin/class_modul_folderview_admin.php</path>
<path
   kind=""
   action="M">/kajona/module_head/trunk/modul_postacomment/installer/installer_sc_postacomment.php</path>
<path
   kind=""
   action="M">/kajona/module_head/trunk/modul_guestbook/system/class_modul_guestbook_post.php</path>
<path
   kind=""
   action="M">/kajona/module_head/trunk/modul_system/system/class_toolkit.php</path>
<path
   kind=""
   action="M">/kajona/module_head/trunk/modul_downloads/installer/installer_element_downloads_toplist.php</path>
<path
   kind=""
   action="M">/kajona/module_head/trunk/modul_navigation/system/class_modul_navigation_tree.php</path>
<path
   kind=""
   action="M">/kajona/module_head/playground/modul_basehelper/portal/elemente/class_element_basetophitlist.php</path>
<path
   kind=""
   action="M">/kajona/module_head/playground/element_textticker/lang/admin/modul_elemente/lang_textticker_de.php</path>
<path
   kind=""
   action="M">/kajona/module_head/trunk/modul_postacomment/lang/admin/modul_postacomment/lang_postacomment_en.php</path>
<path
   kind=""
   action="M">/kajona/module_head/trunk/modul_guestbook/lang/admin/modul_guestbook/lang_guestbook_bg.php</path>
<path
   kind=""
   action="M">/kajona/module_head/trunk/modul_pages/lang/portal/modul_pages/lang_pages_de.php</path>
<path
   kind=""
   action="M">/kajona/module_head/trunk/modul_pages/lang/admin/modul_elemente/lang_bild_bg.php</path>
<path
   kind=""
   action="M">/kajona/module_head/trunk/modul_guestbook/admin/class_modul_guestbook_admin.php</path>
<path
   kind=""
   action="M">/kajona/module_head/trunk/modul_faqs/system/class_modul_faqs_category.php</path>
<path
   kind=""
   action="M">/kajona/module_head/trunk/modul_navigation/admin/systemtasks/class_systemtask_navigationcheck.php</path>
<path
   kind=""
   action="M">/kajona/module_head/trunk/element_portallogin/portal/elemente/class_element_portallogin.php</path>
<path
   kind=""
   action="M">/kajona/module_head/trunk/modul_rating/system/class_modul_rating_rate.php</path>
<path
   kind=""
   action="M">/kajona/module_head/trunk/modul_system/system/class_model.php</path>
<path
   kind=""
   action="M">/kajona/module_head/playground/element_rendertext/portal/searchplugins/searchdef_pages_rendertext.php</path>
<path
   kind=""
   action="M">/kajona/module_head/trunk/modul_guestbook/lang/portal/modul_guestbook/lang_guestbook_bg.php</path>
<path
   kind=""
   action="M">/kajona/module_head/trunk/modul_pages/system/class_modul_pages_folder.php</path>
<path
   kind=""
   action="M">/kajona/module_head/trunk/modul_system/lang/admin/modul_elemente/lang_languageswitch_ru.php</path>
<path
   kind=""
   action="M">/kajona/module_head/trunk/modul_stats/admin/systemtasks/class_systemtask_stats_ip2c.php</path>
<path
   kind=""
   action="M">/kajona/module_head/trunk/modul_faqs/admin/class_modul_faqs_admin.php</path>
<path
   kind=""
   action="M">/kajona/module_head/trunk/element_lastmodified/lang/portal/modul_elemente/lang_lastmodified_bg.php</path>
<path
   kind=""
   action="M">/kajona/module_head/trunk/element_portalupload/lang/portal/modul_elemente/lang_portalupload_bg.php</path>
<path
   kind=""
   action="M">/kajona/module_head/trunk/element_formular/lang/portal/modul_elemente/lang_formular_de.php</path>
<path
   kind=""
   action="M">/kajona/module_head/trunk/element_portallogin/installer/installer_element_portallogin.php</path>
<path
   kind=""
   action="M">/kajona/module_head/trunk/modul_navigation/admin/elemente/class_element_navigation.php</path>
<path
   kind=""
   action="M">/kajona/module_head/trunk/modul_system/system/interface_installer.php</path>
<path
   kind=""
   action="M">/kajona/module_head/trunk/modul_guestbook/admin/elemente/class_element_guestbook.php</path>
<path
   kind=""
   action="M">/kajona/module_head/trunk/modul_system/system/class_csv.php</path>
<path
   kind=""
   action="M">/kajona/module_head/trunk/modul_pages/lang/admin/modul_adminwidget/lang_adminwidgetpages_bg.php</path>
<path
   kind=""
   action="M">/kajona/module_head/trunk/modul_system/system/class_modul_filemanager_repo.php</path>
<path
   kind=""
   action="M">/kajona/module_head/trunk/modul_system/admin/skins/classic/styles_portaleditor.css</path>
<path
   kind=""
   action="M">/kajona/module_head/trunk/modul_system/portal/scripts/.htaccess</path>
<path
   kind=""
   action="M">/kajona/module_head/trunk/modul_pages/system/config/modul_pages_id.php</path>
<path
   kind=""
   action="M">/kajona/module_head/playground/modul_pdf/system/tcpdf/htmlcolors.php</path>
<path
   kind=""
   action="M">/kajona/module_head/trunk/element_lastmodified/admin/elemente/class_element_lastmodified.php</path>
<path
   kind=""
   action="M">/kajona/module_head/trunk/element_portalupload/lang/admin/modul_elemente/lang_portalupload_bg.php</path>
<path
   kind=""
   action="M">/kajona/module_head/trunk/modul_downloads/admin/class_modul_downloads_admin.php</path>
<path
   kind=""
   action="M">/kajona/module_head/trunk/modul_stats/lang/admin/modul_stats/lang_stats_bg.php</path>
<path
   kind=""
   action="M">/kajona/module_head/trunk/modul_downloads/lang/admin/modul_elemente/lang_downloadstoplist_ru.php</path>
<path
   kind=""
   action="M">/kajona/module_head/trunk/modul_system/lang/admin/.htaccess</path>
<path
   kind=""
   action="M">/kajona/module_head/trunk/modul_system/lang/admin/modul_languages/lang_languages_bg.php</path>
<path
   kind=""
   action="M">/kajona/module_head/playground/modul_basehelper/installer/installer_element_baseregistration.php</path>
<path
   kind=""
   action="M">/kajona/module_head/trunk/modul_pages/admin/class_modul_pages_admin.php</path>
<path
   kind=""
   action="M">/kajona/module_head/trunk/modul_system/portal/interface_xml_portal.php</path>
<path
   kind=""
   action="M">/kajona/module_head/trunk/modul_guestbook/lang/admin/modul_guestbook/lang_guestbook_de.php</path>
<path
   kind=""
   action="M">/kajona/module_head/trunk/modul_pages/lang/admin/modul_elemente/lang_bild_de.php</path>
<path
   kind=""
   action="M">/kajona/module_head/trunk/modul_system/system/class_modul_system_common.php</path>
<path
   kind=""
   action="M">/kajona/module_head/trunk/modul_news/lang/portal/modul_news/lang_news_bg.php</path>
<path
   kind=""
   action="M">/kajona/module_head/trunk/modul_system/admin/elemente/.htaccess</path>
<path
   kind=""
   action="M">/kajona/module_head/trunk/modul_downloads/lang/admin/modul_downloads/lang_downloads_bg.php</path>
<path
   kind=""
   action="M">/kajona/module_head/trunk/modul_guestbook/lang/portal/modul_guestbook/lang_guestbook_de.php</path>
<path
   kind=""
   action="M">/kajona/module_head/trunk/modul_system/admin/systemtasks/class_systemtask_dbimport.php</path>
<path
   kind=""
   action="M">/kajona/module_head/trunk/modul_system/lang/admin/modul_adminwidget/lang_adminwidgetsystem_bg.php</path>
<path
   kind=""
   action="M">/kajona/module_head/trunk/modul_stats/admin/statsreports/class_stats_report_topvisitors.php</path>
<path
   kind=""
   action="M">/kajona/module_head/trunk/modul_postacomment/admin/class_modul_postacomment_admin.php</path>
<path
   kind=""
   action="M">/kajona/module_head/trunk/element_lastmodified/lang/portal/modul_elemente/lang_lastmodified_de.php</path>
<path
   kind=""
   action="M">/kajona/module_head/trunk/modul_system/lang/admin/modul_system/lang_system_ru.php</path>
<path
   kind=""
   action="M">/kajona/module_head/trunk/element_portalupload/lang/portal/modul_elemente/lang_portalupload_de.php</path>
<path
   kind=""
   action="M">/kajona/module_head/trunk/modul_system/lang/admin/modul_elemente/lang_languageswitch_en.php</path>
<path
   kind=""
   action="M">/kajona/module_head/trunk/modul_system/admin/class_modul_filemanager_admin.php</path>
<path
   kind=""
   action="M">/kajona/module_head/trunk/modul_search/system/class_modul_search_log.php</path>
<path
   kind=""
   action="M">/kajona/module_head/trunk/element_portalregistration/admin/elemente/class_element_portalregistration.php</path>
<path
   kind=""
   action="M">/kajona/module_head/trunk/element_portalregistration/lang/portal/modul_elemente/lang_portalregistration_pt.php</path>
<path
   kind=""
   action="M">/kajona/module_head/trunk/modul_downloads/admin/elemente/class_element_downloads_toplist.php</path>
<path
   kind=""
   action="M">/kajona/module_head/trunk/modul_pages/lang/admin/modul_adminwidget/lang_adminwidgetpages_de.php</path>
<path
   kind=""
   action="M">/kajona/module_head/trunk/modul_system/admin/systemtasks/class_systemtask_dbdump.php</path>
<path
   kind=""
   action="M">/kajona/module_head/playground/modul_basehelper/portal/elemente/class_element_baseregistration.php</path>
<path
   kind=""
   action="M">/kajona/module_head/trunk/modul_news/system/class_modul_news_news.php</path>
<path
   kind=""
   action="M">/kajona/module_head/trunk/modul_news/portal/class_modul_news_portal.php</path>
<path
   kind=""
   action="M">/kajona/module_head/trunk/element_portalupload/lang/admin/modul_elemente/lang_portalupload_de.php</path>
<path
   kind=""
   action="M">/kajona/module_head/trunk/modul_guestbook/system/config/modul_guestbook_id.php</path>
<path
   kind=""
   action="M">/kajona/module_head/trunk/modul_stats/lang/admin/modul_stats/lang_stats_de.php</path>
<path
   kind=""
   action="M">/kajona/module_head/trunk/modul_gallery/lang/admin/modul_gallery/lang_gallery_ru.php</path>
<path
   kind=""
   action="M">/kajona/module_head/trunk/modul_system/installer/installer_sc_zzlanguages.php</path>
<path
   kind=""
   action="M">/kajona/module_head/trunk/modul_system/lang/admin/modul_languages/lang_languages_de.php</path>
<path
   kind=""
   action="M">/kajona/module_head/trunk/modul_system/system/class_modul_system_session.php</path>
<path
   kind=""
   action="M">/kajona/module_head/trunk/modul_faqs/system/class_modul_faqs_faq.php</path>
<path
   kind=""
   action="M">/kajona/module_head/trunk/element_formular/portal/elemente/class_element_formular.php</path>
<path
   kind=""
   action="M">/kajona/module_head/trunk/modul_system/admin/scripts/kajona.js</path>
<path
   kind=""
   action="M">/kajona/module_head/trunk/modul_downloads/lang/admin/modul_elemente/lang_downloadstoplist_en.php</path>
<path
   kind=""
   action="M">/kajona/module_head/trunk/modul_system/admin/class_modul_system_admin.php</path>
<path
   kind=""
   action="M">/kajona/module_head/trunk/widget_rssfeed/lang/admin/modul_adminwidget/lang_adminwidgetrssfeed_en.php</path>
<path
   kind=""
   action="M">/kajona/module_head/trunk/modul_news/lang/portal/modul_news/lang_news_de.php</path>
<path
   kind=""
   action="M">/kajona/module_head/trunk/modul_system/admin/scripts/dragdrophelper_tr.js</path>
<path
   kind=""
   action="M">/kajona/module_head/trunk/modul_downloads/lang/admin/modul_downloads/lang_downloads_de.php</path>
<path
   kind=""
   action="M">/kajona/module_head/trunk/modul_system/lang/admin/modul_adminwidget/lang_adminwidgetsystem_de.php</path>
<path
   kind=""
   action="M">/kajona/module_head/trunk/element_portallogin/lang/admin/modul_elemente/lang_portallogin_bg.php</path>
<path
   kind=""
   action="M">/kajona/module_head/trunk/modul_gallery/lang/admin/modul_elemente/lang_gallery_bg.php</path>
<path
   kind=""
   action="M">/kajona/module_head/trunk/modul_system/system/class_filesystem.php</path>
<path
   kind=""
   action="M">/kajona/module_head/trunk/modul_system/system/class_array_iterator.php</path>
<path
   kind=""
   action="M">/kajona/module_head/playground/modul_basehelper/admin/elemente/class_element_baseregistration.php</path>
<path
   kind=""
   action="M">/kajona/module_head/trunk/modul_guestbook/portal/searchplugins/class_modul_guestbook_search.php</path>
<path
   kind=""
   action="M">/kajona/module_head/trunk/modul_rating/system/interface_modul_rating_sortalgo.php</path>
<path
   kind=""
   action="M">/kajona/module_head/trunk/modul_system/lang/admin/modul_system/lang_system_en.php</path>
<path
   kind=""
   action="M">/kajona/module_head/trunk/modul_downloads/system/config/modul_downloads_id.php</path>
<path
   kind=""
   action="M">/kajona/module_head/trunk/widget_weather/lang/admin/modul_adminwidget/lang_adminwidgetweather_bg.php</path>
<path
   kind=""
   action="M">/kajona/module_head/trunk/modul_system/system/class_rights.php</path>
</paths>
<msg>bumped copyright to 2010</msg>
</logentry>
<logentry
   revision="3080">
<author>jschroeter</author>
<date>2009-12-31T15:04:34.232327Z</date>
<paths>
<path
   kind=""
   action="M">/kajona/module_head/trunk/modul_navigation/portal/class_modul_navigation_portal.php</path>
</paths>
<msg>module_guestbook: little typo fix</msg>
</logentry>
<logentry
   revision="3079">
<author>jschroeter</author>
<date>2009-12-30T22:30:59.770376Z</date>
<paths>
<path
   kind=""
   action="M">/kajona/module_head/trunk/modul_guestbook/admin/elemente/class_element_guestbook.php</path>
</paths>
<msg>module_guestbook: little translation missed</msg>
</logentry>
<logentry
   revision="3075">
<author>sidler</author>
<date>2009-12-30T19:20:41.860694Z</date>
<paths>
<path
   kind=""
   action="M">/kajona/module_head/trunk/modul_postacomment/system/class_modul_postacomment_post.php</path>
</paths>
<msg>BUG: postacomment-post displayed wrong timestamp</msg>
</logentry>
<logentry
   revision="3074">
<author>jschroeter</author>
<date>2009-12-30T19:10:11.990865Z</date>
<paths>
<path
   kind=""
   action="M">/kajona/module_head/trunk/modul_guestbook/installer/installer_guestbook.php</path>
</paths>
<msg>module_guestbook: little translation missed</msg>
</logentry>
<logentry
   revision="3071">
<author>jschroeter</author>
<date>2009-12-27T18:31:35.171690Z</date>
<paths>
<path
   kind=""
   action="M">/kajona/module_head/trunk/modul_downloads/docs/manual_downloads_de.odt</path>
<path
   kind=""
   action="M">/kajona/module_head/trunk/modul_downloads/templates/modul_downloads/downloads.tpl</path>
<path
   kind=""
   action="M">/kajona/module_head/trunk/modul_downloads/portal/class_modul_downloads_portal.php</path>
</paths>
<msg>Module downloads: template section &lt;img_preview&gt; includes img_title placeholder</msg>
</logentry>
<logentry
   revision="3070">
<author>jschroeter</author>
<date>2009-12-27T18:27:27.416397Z</date>
<paths>
<path
   kind=""
   action="M">/kajona/module_head/trunk/modul_postacomment/portal/scripts/postacomment.js</path>
<path
   kind=""
   action="M">/kajona/module_head/trunk/modul_postacomment/lang/portal/modul_postacomment/lang_postacomment_en.php</path>
<path
   kind=""
   action="M">/kajona/module_head/trunk/modul_postacomment/lang/portal/modul_postacomment/lang_postacomment_de.php</path>
</paths>
<msg>BUG: JS error when postacomment form is used without the subject field</msg>
</logentry>
<logentry
   revision="3069">
<author>jschroeter</author>
<date>2009-12-27T10:26:19.758116Z</date>
<paths>
<path
   kind=""
   action="M">/kajona/module_head/trunk/modul_system/admin/skins/classic/styles_portaleditor.css</path>
<path
   kind=""
   action="M">/kajona/module_head/trunk/modul_system/admin/skins/kajona_v3/styles_portaleditor.css</path>
</paths>
<msg>BUG: PE-Enable button wasn't always visible</msg>
</logentry>
<logentry
   revision="3068">
<author>sidler</author>
<date>2009-12-26T22:28:47.571125Z</date>
<paths>
<path
   kind=""
   action="M">/kajona/module_head/trunk/element_formular/portal/forms/class_formular_kontakt.php</path>
<path
   kind=""
   action="A">/kajona/module_head/trunk/element_formular/lang/portal/modul_elemente/lang_formular_de.php</path>
<path
   kind=""
   action="A">/kajona/module_head/trunk/element_formular/lang/portal/modul_elemente</path>
<path
   kind=""
   action="A">/kajona/module_head/trunk/element_formular/lang/portal/modul_elemente/lang_formular_en.php</path>
<path
   kind=""
   action="A">/kajona/module_head/trunk/element_formular/lang/portal</path>
<path
   kind=""
   action="M">/kajona/module_head/trunk/element_formular/templates/element_form/contact.tpl</path>
</paths>
<msg>NEW: texts of contact form are loaded from lang-files
kajona trace id 452</msg>
</logentry>
<logentry
   revision="3067">
<author>sidler</author>
<date>2009-12-26T19:52:21.092318Z</date>
<paths>
<path
   kind=""
   action="M">/kajona/module_head/trunk/modul_system/admin/class_toolkit_admin.php</path>
</paths>
<msg>APICHANGE: removed class_toolkit_admin::generateDateTimestamps() and class_toolkit_admin::formDate(). use the new class_date-methods (formDateSingle(), ...) instead</msg>
</logentry>
<logentry
   revision="3066">
<author>sidler</author>
<date>2009-12-26T19:48:20.595872Z</date>
<paths>
<path
   kind=""
   action="M">/kajona/module_head/trunk/modul_system/admin/class_toolkit_admin.php</path>
<path
   kind=""
   action="M">/kajona/module_head/trunk/modul_news/portal/class_modul_news_portal.php</path>
<path
   kind=""
   action="M">/kajona/module_head/trunk/modul_pages/system/class_modul_pages_page.php</path>
<path
   kind=""
   action="M">/kajona/module_head/trunk/modul_system/system/class_date.php</path>
<path
   kind=""
   action="M">/kajona/module_head/trunk/modul_pages/system/class_modul_pages_pageelement.php</path>
<path
   kind=""
   action="M">/kajona/module_head/trunk/modul_pages/admin/class_modul_pages_content_admin.php</path>
<path
   kind=""
   action="M">/kajona/module_head/trunk/modul_pages/admin/class_element_admin.php</path>
<path
   kind=""
   action="M">/kajona/module_head/trunk/modul_news/admin/class_modul_news_admin.php</path>
<path
   kind=""
   action="M">/kajona/module_head/trunk/modul_news/portal/class_modul_news_portal_xml.php</path>
<path
   kind=""
   action="M">/kajona/module_head/trunk/modul_system/system/class_root.php</path>
<path
   kind=""
   action="M">/kajona/module_head/trunk/modul_system/system/functions.php</path>
<path
   kind=""
   action="M">/kajona/module_head/trunk/modul_system/installer/installer_system.php</path>
<path
   kind=""
   action="M">/kajona/module_head/trunk/modul_news/system/class_modul_news_feed.php</path>
<path
   kind=""
   action="M">/kajona/module_head/trunk/_debugging/debug/dateconverter.php</path>
<path
   kind=""
   action="M">/kajona/module_head/trunk/modul_news/installer/installer_sc_news.php</path>
<path
   kind=""
   action="M">/kajona/module_head/trunk/modul_system/system/class_modul_system_common.php</path>
<path
   kind=""
   action="M">/kajona/module_head/trunk/modul_news/system/class_modul_news_news.php</path>
</paths>
<msg>SCHEMA-CHANGE / API-CHANGE: system-dates are no longer handled as ints, up from now on handled via class_dates' long-values. news and page-elements updated to new date-handling.</msg>
</logentry>
<logentry
   revision="3065">
<author>sidler</author>
<date>2009-12-26T16:45:33.095168Z</date>
<paths>
<path
   kind=""
   action="M">/kajona/module_head/trunk/modul_system/admin/class_modul_system_admin_xml.php</path>
</paths>
<msg>BUG: when changing order of navigations points, the cache gets flushed, too
kajona trace id 498</msg>
</logentry>
<logentry
   revision="3064">
<author>sidler</author>
<date>2009-12-26T13:16:00.517503Z</date>
<paths>
<path
   kind=""
   action="M">/kajona/module_head/trunk/modul_system/system/functions.php</path>
</paths>
<msg>BUG: urlSafeString used wrong regexp</msg>
</logentry>
<logentry
   revision="3060">
<author>sidler</author>
<date>2009-12-25T14:51:57.445166Z</date>
<paths>
<path
   kind=""
   action="M">/kajona/module_head/trunk/element_portallogin/lang/portal/modul_elemente/lang_portallogin_en.php</path>
<path
   kind=""
   action="M">/kajona/module_head/trunk/element_portallogin/portal/elemente/class_element_portallogin.php</path>
</paths>
<msg>BUG: reset pwd mail missed to replace placeholders</msg>
</logentry>
<logentry
   revision="3058">
<author>sidler</author>
<date>2009-12-24T14:02:21.814556Z</date>
<paths>
<path
   kind=""
   action="M">/kajona/module_head/trunk/element_portallogin/installer/installer_element_portallogin.php</path>
<path
   kind=""
   action="M">/kajona/module_head/trunk/element_portallogin/admin/elemente/class_element_portallogin.php</path>
<path
   kind=""
   action="M">/kajona/module_head/trunk/element_portallogin/lang/admin/modul_elemente/lang_portallogin_en.php</path>
<path
   kind=""
   action="M">/kajona/module_head/trunk/element_portallogin/portal/elemente/class_element_portallogin.php</path>
<path
   kind=""
   action="M">/kajona/module_head/trunk/element_portallogin/lang/admin/modul_elemente/lang_portallogin_ru.php</path>
<path
   kind=""
   action="M">/kajona/module_head/trunk/element_portallogin/lang/admin/modul_elemente/lang_portallogin_bg.php</path>
<path
   kind=""
   action="M">/kajona/module_head/trunk/element_portallogin/lang/admin/modul_elemente/lang_portallogin_de.php</path>
</paths>
<msg>NEW: page to reset the portallogin password is configurable</msg>
</logentry>
<logentry
   revision="3055">
<author>sidler</author>
<date>2009-12-23T19:03:14.258826Z</date>
<paths>
<path
   kind=""
   action="M">/kajona/module_head/trunk/modul_downloads/portal/class_modul_downloads_portal.php</path>
</paths>
<msg>BUG: wrong variable name ;)</msg>
</logentry>
<logentry
   revision="3054">
<author>sidler</author>
<date>2009-12-23T17:25:17.169339Z</date>
<paths>
<path
   kind=""
   action="M">/kajona/module_head/trunk/modul_postacomment/docs/manual_postacomment_de.odt</path>
<path
   kind=""
   action="M">/kajona/module_head/trunk/modul_postacomment/templates/modul_postacomment/postacomment_classic.tpl</path>
<path
   kind=""
   action="M">/kajona/module_head/trunk/element_imagelightbox/templates/modul_gallery/gallery_imagelightbox.tpl</path>
<path
   kind=""
   action="M">/kajona/module_head/trunk/modul_gallery/templates/modul_gallery/gallery.tpl</path>
<path
   kind=""
   action="M">/kajona/module_head/trunk/modul_gallery/templates/modul_gallery/gallery_random.tpl</path>
<path
   kind=""
   action="M">/kajona/module_head/trunk/modul_postacomment/templates/modul_postacomment/postacomment_ajax.tpl</path>
<path
   kind=""
   action="M">/kajona/module_head/trunk/modul_gallery/portal/class_modul_gallery_portal.php</path>
<path
   kind=""
   action="M">/kajona/module_head/trunk/modul_postacomment/portal/class_modul_postacomment_portal.php</path>
<path
   kind=""
   action="M">/kajona/module_head/trunk/modul_gallery/docs/manual_gallery_de.odt</path>
</paths>
<msg>NEW: placeholder "rating_hits" for gallery and postacomment</msg>
</logentry>
<logentry
   revision="3053">
<author>sidler</author>
<date>2009-12-23T17:02:07.243175Z</date>
<paths>
<path
   kind=""
   action="M">/kajona/module_head/trunk/modul_downloads/docs/manual_downloads_de.odt</path>
<path
   kind=""
   action="M">/kajona/module_head/trunk/modul_downloads/templates/modul_downloads/downloads.tpl</path>
<path
   kind=""
   action="M">/kajona/module_head/trunk/modul_downloads/portal/class_modul_downloads_portal.php</path>
</paths>
<msg>NEW: rating-bar includes the number of ratings</msg>
</logentry>
<logentry
   revision="3052">
<author>sidler</author>
<date>2009-12-23T16:54:02.528291Z</date>
<paths>
<path
   kind=""
   action="M">/kajona/module_head/trunk/modul_downloads/system/class_modul_downloads_file.php</path>
</paths>
<msg>Correct default category value</msg>
</logentry>
<logentry
   revision="3050">
<author>sidler</author>
<date>2009-12-23T16:17:49.173545Z</date>
<paths>
<path
   kind=""
   action="M">/kajona/module_head/trunk/modul_downloads/docs/manual_downloads_de.odt</path>
<path
   kind=""
   action="M">/kajona/module_head/trunk/modul_downloads/templates/modul_downloads/downloads.tpl</path>
<path
   kind=""
   action="M">/kajona/module_head/trunk/modul_downloads/portal/class_modul_downloads_portal.php</path>
</paths>
<msg>NEW: list and details provide the placeholders "file_owner" and "file_lmtime"</msg>
</logentry>
<logentry
   revision="3048">
<author>sidler</author>
<date>2009-12-23T15:31:43.413152Z</date>
<paths>
<path
   kind=""
   action="M">/kajona/module_head/trunk/modul_downloads/docs/manual_downloads_de.odt</path>
<path
   kind=""
   action="M">/kajona/module_head/trunk/modul_downloads/templates/modul_downloads/downloads.tpl</path>
<path
   kind=""
   action="M">/kajona/module_head/trunk/modul_downloads/portal/class_modul_downloads_portal.php</path>
</paths>
<msg>NEW: file-preview-image is being rendered within its' own template section (moving hardcoded html from the class to the template)</msg>
</logentry>
<logentry
   revision="3047">
<author>sidler</author>
<date>2009-12-23T15:02:42.826090Z</date>
<paths>
<path
   kind=""
   action="M">/kajona/module_head/trunk/modul_postacomment/portal/elemente/class_element_postacomment.php</path>
<path
   kind=""
   action="M">/kajona/module_head/trunk/modul_postacomment/lang/admin/modul_elemente/lang_postacomment_ru.php</path>
<path
   kind=""
   action="M">/kajona/module_head/trunk/modul_postacomment/lang/admin/modul_elemente/lang_postacomment_bg.php</path>
<path
   kind=""
   action="M">/kajona/module_head/trunk/modul_postacomment/lang/admin/modul_elemente/lang_postacomment_de.php</path>
<path
   kind=""
   action="M">/kajona/module_head/trunk/modul_postacomment/admin/elemente/class_element_postacomment.php</path>
<path
   kind=""
   action="M">/kajona/module_head/trunk/modul_postacomment/lang/admin/modul_elemente/lang_postacomment_en.php</path>
</paths>
<msg>NEW: the postacomment-element is capable of filtering due to the current action-command. If the field is being left empy, no special action is taken. As soon as a value is provided, the current action-param has to match the filter-value in order to have the postacomment-element shown.</msg>
</logentry>
</log>